<?xml version="1.0" encoding="UTF-8"?>
<!-- Generated by org.testng.reporters.JUnitXMLReporter -->
<testsuite ignored="0" hostname="DESKTOP-0MHP5IB" failures="1" tests="1" name="Test3" time="13.322" errors="0" timestamp="2022-04-22T22:13:03 EDT">
  <testcase classname="am.karas.TestScripts.VerifyFoodInFoodCartTest" name="verifyFoodInFoodCart" time="0.064">
    <failure type="org.openqa.selenium.ElementNotInteractableException" message="Element &amp;lt;button id=&amp;quot;Yerevan&amp;quot;&amp;gt; could not be scrolled into view
Build info: version: &amp;apos;4.1.2&amp;apos;, revision: &amp;apos;9a5a329c5a&amp;apos;
System info: host: &amp;apos;DESKTOP-0MHP5IB&amp;apos;, ip: &amp;apos;192.168.56.1&amp;apos;, os.name: &amp;apos;Windows 10&amp;apos;, os.arch: &amp;apos;amd64&amp;apos;, os.version: &amp;apos;10.0&amp;apos;, java.version: &amp;apos;17.0.1&amp;apos;
Driver info: org.openqa.selenium.remote.RemoteWebDriver
Command: [803fb209-9949-45a0-b896-0fda2ee844c1, clickElement {id=6f0fd67b-a050-4fa3-aad0-1278e6017323}]
Capabilities {acceptInsecureCerts: true, browserName: firefox, browserVersion: 99.0.1, javascriptEnabled: true, moz:accessibilityChecks: false, moz:buildID: 20220411174855, moz:debuggerAddress: localhost:60268, moz:firefoxOptions: {}, moz:geckodriverVersion: 0.30.0, moz:headless: false, moz:processID: 20936, moz:profile: C:\Users\JEAN~1.DES\AppData..., moz:shutdownTimeout: 60000, moz:useNonSpecCompliantPointerOrigin: false, moz:webdriverClick: true, pageLoadStrategy: normal, platform: WINDOWS, platformName: WINDOWS, platformVersion: 10.0, proxy: Proxy(), se:cdp: ws://192.168.56.1:4444/sess..., se:cdpVersion: 85.0, setWindowRect: true, strictFileInteractability: false, timeouts: {implicit: 0, pageLoad: 300000, script: 30000}, unhandledPromptBehavior: dismiss and notify}
Element: [[RemoteWebDriver: firefox on WINDOWS (803fb209-9949-45a0-b896-0fda2ee844c1)] -&amp;gt; id: Yerevan]
Session ID: 803fb209-9949-45a0-b896-0fda2ee844c1">
      <![CDATA[org.openqa.selenium.ElementNotInteractableException: Element <button id="Yerevan"> could not be scrolled into view
Build info: version: '4.1.2', revision: '9a5a329c5a'
System info: host: 'DESKTOP-0MHP5IB', ip: '192.168.56.1', os.name: 'Windows 10', os.arch: 'amd64', os.version: '10.0', java.version: '17.0.1'
Driver info: org.openqa.selenium.remote.RemoteWebDriver
Command: [803fb209-9949-45a0-b896-0fda2ee844c1, clickElement {id=6f0fd67b-a050-4fa3-aad0-1278e6017323}]
Capabilities {acceptInsecureCerts: true, browserName: firefox, browserVersion: 99.0.1, javascriptEnabled: true, moz:accessibilityChecks: false, moz:buildID: 20220411174855, moz:debuggerAddress: localhost:60268, moz:firefoxOptions: {}, moz:geckodriverVersion: 0.30.0, moz:headless: false, moz:processID: 20936, moz:profile: C:\Users\JEAN~1.DES\AppData..., moz:shutdownTimeout: 60000, moz:useNonSpecCompliantPointerOrigin: false, moz:webdriverClick: true, pageLoadStrategy: normal, platform: WINDOWS, platformName: WINDOWS, platformVersion: 10.0, proxy: Proxy(), se:cdp: ws://192.168.56.1:4444/sess..., se:cdpVersion: 85.0, setWindowRect: true, strictFileInteractability: false, timeouts: {implicit: 0, pageLoad: 300000, script: 30000}, unhandledPromptBehavior: dismiss and notify}
Element: [[RemoteWebDriver: firefox on WINDOWS (803fb209-9949-45a0-b896-0fda2ee844c1)] -> id: Yerevan]
Session ID: 803fb209-9949-45a0-b896-0fda2ee844c1
at org.openqa.selenium.remote.codec.w3c.W3CHttpResponseCodec.createException(W3CHttpResponseCodec.java:200)
at org.openqa.selenium.remote.codec.w3c.W3CHttpResponseCodec.decode(W3CHttpResponseCodec.java:133)
at org.openqa.selenium.remote.codec.w3c.W3CHttpResponseCodec.decode(W3CHttpResponseCodec.java:53)
at org.openqa.selenium.remote.HttpCommandExecutor.execute(HttpCommandExecutor.java:184)
at org.openqa.selenium.remote.TracedCommandExecutor.execute(TracedCommandExecutor.java:51)
at org.openqa.selenium.remote.RemoteWebDriver.execute(RemoteWebDriver.java:558)
at org.openqa.selenium.remote.RemoteWebElement.execute(RemoteWebElement.java:251)
at org.openqa.selenium.remote.RemoteWebElement.click(RemoteWebElement.java:77)
at org.openqa.selenium.support.pagefactory.internal.LocatingElementHandler.invoke(LocatingElementHandler.java:52)
at jdk.proxy2/jdk.proxy2.$Proxy22.click(Unknown Source)
at am.karas.Pages.ChooseDeliveryCenter.selectDeliveryCenter(ChooseDeliveryCenter.java:20)
at am.karas.TestScripts.VerifyFoodInFoodCartTest.verifyFoodInFoodCart(VerifyFoodInFoodCartTest.java:24)
at java.base/java.util.ArrayList.forEach(ArrayList.java:1511)
at java.base/java.util.concurrent.FutureTask.run(FutureTask.java:264)
at java.base/java.util.concurrent.ThreadPoolExecutor.runWorker(ThreadPoolExecutor.java:1136)
at java.base/java.util.concurrent.ThreadPoolExecutor$Worker.run(ThreadPoolExecutor.java:635)
at java.base/java.lang.Thread.run(Thread.java:833)
... Removed 27 stack frames]]>
    </failure>
  </testcase> <!-- verifyFoodInFoodCart -->
</testsuite> <!-- Test3 -->
