<?xml version="1.0" encoding="UTF-8"?>
<testng-results ignored="0" total="5" passed="2" failed="2" skipped="1">
  <reporter-output>
  </reporter-output>
  <suite started-at="2022-04-22T22:12:50 EDT" name="Suite" finished-at="2022-04-22T22:13:10 EDT" duration-ms="20202">
    <groups>
    </groups>
    <test started-at="2022-04-22T22:12:50 EDT" name="Test1" finished-at="2022-04-22T22:12:50 EDT" duration-ms="63">
      <class name="am.karas.TestScripts.VerifySearchFoodTest">
        <test-method is-config="true" signature="openApplication(java.lang.String)[pri:0, instance:am.karas.TestScripts.VerifySearchFoodTest@290222c1]" started-at="2022-04-22T22:12:50 EDT" name="openApplication" finished-at="2022-04-22T22:12:50 EDT" duration-ms="13" status="FAIL">
          <params>
            <param index="0">
              <value is-null="true"/>
            </param>
          </params>
          <exception class="java.lang.NullPointerException">
            <message>
              <![CDATA[Cannot invoke "String.equals(Object)" because "browserType" is null]]>
            </message>
            <full-stacktrace>
              <![CDATA[java.lang.NullPointerException: Cannot invoke "String.equals(Object)" because "browserType" is null
at am.karas.TestScripts.Base.openApplication(Base.java:25)
at java.base/jdk.internal.reflect.NativeMethodAccessorImpl.invoke0(Native Method)
at java.base/jdk.internal.reflect.NativeMethodAccessorImpl.invoke(NativeMethodAccessorImpl.java:77)
at java.base/jdk.internal.reflect.DelegatingMethodAccessorImpl.invoke(DelegatingMethodAccessorImpl.java:43)
at java.base/java.lang.reflect.Method.invoke(Method.java:568)
at org.testng.internal.MethodInvocationHelper.invokeMethod(MethodInvocationHelper.java:133)
at org.testng.internal.MethodInvocationHelper.invokeMethodConsideringTimeout(MethodInvocationHelper.java:62)
at org.testng.internal.ConfigInvoker.invokeConfigurationMethod(ConfigInvoker.java:385)
at org.testng.internal.ConfigInvoker.invokeConfigurations(ConfigInvoker.java:321)
at org.testng.internal.TestMethodWorker.invokeBeforeClassMethods(TestMethodWorker.java:176)
at org.testng.internal.TestMethodWorker.run(TestMethodWorker.java:122)
at java.base/java.util.ArrayList.forEach(ArrayList.java:1511)
at org.testng.TestRunner.privateRun(TestRunner.java:794)
at org.testng.TestRunner.run(TestRunner.java:596)
at org.testng.SuiteRunner.runTest(SuiteRunner.java:377)
at org.testng.SuiteRunner.access$000(SuiteRunner.java:28)
at org.testng.SuiteRunner$SuiteWorker.run(SuiteRunner.java:418)
at org.testng.internal.thread.ThreadUtil.lambda$execute$0(ThreadUtil.java:64)
at java.base/java.util.concurrent.FutureTask.run(FutureTask.java:264)
at java.base/java.util.concurrent.ThreadPoolExecutor.runWorker(ThreadPoolExecutor.java:1136)
at java.base/java.util.concurrent.ThreadPoolExecutor$Worker.run(ThreadPoolExecutor.java:635)
at java.base/java.lang.Thread.run(Thread.java:833)
]]>
            </full-stacktrace>
          </exception> <!-- java.lang.NullPointerException -->
          <reporter-output>
          </reporter-output>
        </test-method> <!-- openApplication -->
        <test-method signature="verifySearchFood()[pri:0, instance:am.karas.TestScripts.VerifySearchFoodTest@290222c1]" started-at="2022-04-22T22:12:50 EDT" name="verifySearchFood" finished-at="2022-04-22T22:12:50 EDT" duration-ms="0" status="SKIP">
          <exception class="java.lang.NullPointerException">
            <message>
              <![CDATA[Cannot invoke "String.equals(Object)" because "browserType" is null]]>
            </message>
            <full-stacktrace>
              <![CDATA[java.lang.NullPointerException: Cannot invoke "String.equals(Object)" because "browserType" is null
at am.karas.TestScripts.Base.openApplication(Base.java:25)
at java.base/jdk.internal.reflect.NativeMethodAccessorImpl.invoke0(Native Method)
at java.base/jdk.internal.reflect.NativeMethodAccessorImpl.invoke(NativeMethodAccessorImpl.java:77)
at java.base/jdk.internal.reflect.DelegatingMethodAccessorImpl.invoke(DelegatingMethodAccessorImpl.java:43)
at java.base/java.lang.reflect.Method.invoke(Method.java:568)
at org.testng.internal.MethodInvocationHelper.invokeMethod(MethodInvocationHelper.java:133)
at org.testng.internal.MethodInvocationHelper.invokeMethodConsideringTimeout(MethodInvocationHelper.java:62)
at org.testng.internal.ConfigInvoker.invokeConfigurationMethod(ConfigInvoker.java:385)
at org.testng.internal.ConfigInvoker.invokeConfigurations(ConfigInvoker.java:321)
at org.testng.internal.TestMethodWorker.invokeBeforeClassMethods(TestMethodWorker.java:176)
at org.testng.internal.TestMethodWorker.run(TestMethodWorker.java:122)
at java.base/java.util.ArrayList.forEach(ArrayList.java:1511)
at org.testng.TestRunner.privateRun(TestRunner.java:794)
at org.testng.TestRunner.run(TestRunner.java:596)
at org.testng.SuiteRunner.runTest(SuiteRunner.java:377)
at org.testng.SuiteRunner.access$000(SuiteRunner.java:28)
at org.testng.SuiteRunner$SuiteWorker.run(SuiteRunner.java:418)
at org.testng.internal.thread.ThreadUtil.lambda$execute$0(ThreadUtil.java:64)
at java.base/java.util.concurrent.FutureTask.run(FutureTask.java:264)
at java.base/java.util.concurrent.ThreadPoolExecutor.runWorker(ThreadPoolExecutor.java:1136)
at java.base/java.util.concurrent.ThreadPoolExecutor$Worker.run(ThreadPoolExecutor.java:635)
at java.base/java.lang.Thread.run(Thread.java:833)
]]>
            </full-stacktrace>
          </exception> <!-- java.lang.NullPointerException -->
          <reporter-output>
          </reporter-output>
        </test-method> <!-- verifySearchFood -->
        <test-method is-config="true" signature="takeScreenshotOnFailure(org.testng.ITestResult)[pri:0, instance:am.karas.TestScripts.VerifySearchFoodTest@290222c1]" started-at="2022-04-22T22:12:50 EDT" name="takeScreenshotOnFailure" finished-at="1969-12-31T19:00:00 EST" duration-ms="-1650679970188" status="SKIP">
          <reporter-output>
          </reporter-output>
        </test-method> <!-- takeScreenshotOnFailure -->
        <test-method is-config="true" signature="closeApplication()[pri:0, instance:am.karas.TestScripts.VerifySearchFoodTest@290222c1]" started-at="2022-04-22T22:12:50 EDT" name="closeApplication" finished-at="1969-12-31T19:00:00 EST" duration-ms="-1650679970191" status="SKIP">
          <reporter-output>
          </reporter-output>
        </test-method> <!-- closeApplication -->
      </class> <!-- am.karas.TestScripts.VerifySearchFoodTest -->
    </test> <!-- Test1 -->
    <test started-at="2022-04-22T22:12:50 EDT" name="Test3" finished-at="2022-04-22T22:13:03 EDT" duration-ms="13322">
      <class name="am.karas.TestScripts.VerifyFoodInFoodCartTest">
        <test-method is-config="true" signature="openApplication(java.lang.String)[pri:0, instance:am.karas.TestScripts.VerifyFoodInFoodCartTest@18df8434]" started-at="2022-04-22T22:12:50 EDT" name="openApplication" finished-at="2022-04-22T22:13:02 EDT" duration-ms="12379" status="PASS">
          <params>
            <param index="0">
              <value>
                <![CDATA[firefox]]>
              </value>
            </param>
          </params>
          <reporter-output>
          </reporter-output>
        </test-method> <!-- openApplication -->
        <test-method signature="verifyFoodInFoodCart()[pri:0, instance:am.karas.TestScripts.VerifyFoodInFoodCartTest@18df8434]" started-at="2022-04-22T22:13:02 EDT" name="verifyFoodInFoodCart" finished-at="2022-04-22T22:13:02 EDT" duration-ms="64" status="FAIL">
          <exception class="org.openqa.selenium.ElementNotInteractableException">
            <message>
              <![CDATA[Element <button id="Yerevan"> could not be scrolled into view
Build info: version: '4.1.2', revision: '9a5a329c5a'
System info: host: 'DESKTOP-0MHP5IB', ip: '192.168.56.1', os.name: 'Windows 10', os.arch: 'amd64', os.version: '10.0', java.version: '17.0.1'
Driver info: org.openqa.selenium.remote.RemoteWebDriver
Command: [803fb209-9949-45a0-b896-0fda2ee844c1, clickElement {id=6f0fd67b-a050-4fa3-aad0-1278e6017323}]
Capabilities {acceptInsecureCerts: true, browserName: firefox, browserVersion: 99.0.1, javascriptEnabled: true, moz:accessibilityChecks: false, moz:buildID: 20220411174855, moz:debuggerAddress: localhost:60268, moz:firefoxOptions: {}, moz:geckodriverVersion: 0.30.0, moz:headless: false, moz:processID: 20936, moz:profile: C:\Users\JEAN~1.DES\AppData..., moz:shutdownTimeout: 60000, moz:useNonSpecCompliantPointerOrigin: false, moz:webdriverClick: true, pageLoadStrategy: normal, platform: WINDOWS, platformName: WINDOWS, platformVersion: 10.0, proxy: Proxy(), se:cdp: ws://192.168.56.1:4444/sess..., se:cdpVersion: 85.0, setWindowRect: true, strictFileInteractability: false, timeouts: {implicit: 0, pageLoad: 300000, script: 30000}, unhandledPromptBehavior: dismiss and notify}
Element: [[RemoteWebDriver: firefox on WINDOWS (803fb209-9949-45a0-b896-0fda2ee844c1)] -> id: Yerevan]
Session ID: 803fb209-9949-45a0-b896-0fda2ee844c1]]>
            </message>
            <full-stacktrace>
              <![CDATA[org.openqa.selenium.ElementNotInteractableException: Element <button id="Yerevan"> could not be scrolled into view
Build info: version: '4.1.2', revision: '9a5a329c5a'
System info: host: 'DESKTOP-0MHP5IB', ip: '192.168.56.1', os.name: 'Windows 10', os.arch: 'amd64', os.version: '10.0', java.version: '17.0.1'
Driver info: org.openqa.selenium.remote.RemoteWebDriver
Command: [803fb209-9949-45a0-b896-0fda2ee844c1, clickElement {id=6f0fd67b-a050-4fa3-aad0-1278e6017323}]
Capabilities {acceptInsecureCerts: true, browserName: firefox, browserVersion: 99.0.1, javascriptEnabled: true, moz:accessibilityChecks: false, moz:buildID: 20220411174855, moz:debuggerAddress: localhost:60268, moz:firefoxOptions: {}, moz:geckodriverVersion: 0.30.0, moz:headless: false, moz:processID: 20936, moz:profile: C:\Users\JEAN~1.DES\AppData..., moz:shutdownTimeout: 60000, moz:useNonSpecCompliantPointerOrigin: false, moz:webdriverClick: true, pageLoadStrategy: normal, platform: WINDOWS, platformName: WINDOWS, platformVersion: 10.0, proxy: Proxy(), se:cdp: ws://192.168.56.1:4444/sess..., se:cdpVersion: 85.0, setWindowRect: true, strictFileInteractability: false, timeouts: {implicit: 0, pageLoad: 300000, script: 30000}, unhandledPromptBehavior: dismiss and notify}
Element: [[RemoteWebDriver: firefox on WINDOWS (803fb209-9949-45a0-b896-0fda2ee844c1)] -> id: Yerevan]
Session ID: 803fb209-9949-45a0-b896-0fda2ee844c1
at java.base/jdk.internal.reflect.NativeConstructorAccessorImpl.newInstance0(Native Method)
at java.base/jdk.internal.reflect.NativeConstructorAccessorImpl.newInstance(NativeConstructorAccessorImpl.java:77)
at java.base/jdk.internal.reflect.DelegatingConstructorAccessorImpl.newInstance(DelegatingConstructorAccessorImpl.java:45)
at java.base/java.lang.reflect.Constructor.newInstanceWithCaller(Constructor.java:499)
at java.base/java.lang.reflect.Constructor.newInstance(Constructor.java:480)
at org.openqa.selenium.remote.codec.w3c.W3CHttpResponseCodec.createException(W3CHttpResponseCodec.java:200)
at org.openqa.selenium.remote.codec.w3c.W3CHttpResponseCodec.decode(W3CHttpResponseCodec.java:133)
at org.openqa.selenium.remote.codec.w3c.W3CHttpResponseCodec.decode(W3CHttpResponseCodec.java:53)
at org.openqa.selenium.remote.HttpCommandExecutor.execute(HttpCommandExecutor.java:184)
at org.openqa.selenium.remote.TracedCommandExecutor.execute(TracedCommandExecutor.java:51)
at org.openqa.selenium.remote.RemoteWebDriver.execute(RemoteWebDriver.java:558)
at org.openqa.selenium.remote.RemoteWebElement.execute(RemoteWebElement.java:251)
at org.openqa.selenium.remote.RemoteWebElement.click(RemoteWebElement.java:77)
at java.base/jdk.internal.reflect.NativeMethodAccessorImpl.invoke0(Native Method)
at java.base/jdk.internal.reflect.NativeMethodAccessorImpl.invoke(NativeMethodAccessorImpl.java:77)
at java.base/jdk.internal.reflect.DelegatingMethodAccessorImpl.invoke(DelegatingMethodAccessorImpl.java:43)
at java.base/java.lang.reflect.Method.invoke(Method.java:568)
at org.openqa.selenium.support.pagefactory.internal.LocatingElementHandler.invoke(LocatingElementHandler.java:52)
at jdk.proxy2/jdk.proxy2.$Proxy22.click(Unknown Source)
at am.karas.Pages.ChooseDeliveryCenter.selectDeliveryCenter(ChooseDeliveryCenter.java:20)
at am.karas.TestScripts.VerifyFoodInFoodCartTest.verifyFoodInFoodCart(VerifyFoodInFoodCartTest.java:24)
at java.base/jdk.internal.reflect.NativeMethodAccessorImpl.invoke0(Native Method)
at java.base/jdk.internal.reflect.NativeMethodAccessorImpl.invoke(NativeMethodAccessorImpl.java:77)
at java.base/jdk.internal.reflect.DelegatingMethodAccessorImpl.invoke(DelegatingMethodAccessorImpl.java:43)
at java.base/java.lang.reflect.Method.invoke(Method.java:568)
at org.testng.internal.MethodInvocationHelper.invokeMethod(MethodInvocationHelper.java:133)
at org.testng.internal.TestInvoker.invokeMethod(TestInvoker.java:598)
at org.testng.internal.TestInvoker.invokeTestMethod(TestInvoker.java:173)
at org.testng.internal.MethodRunner.runInSequence(MethodRunner.java:46)
at org.testng.internal.TestInvoker$MethodInvocationAgent.invoke(TestInvoker.java:824)
at org.testng.internal.TestInvoker.invokeTestMethods(TestInvoker.java:146)
at org.testng.internal.TestMethodWorker.invokeTestMethods(TestMethodWorker.java:146)
at org.testng.internal.TestMethodWorker.run(TestMethodWorker.java:128)
at java.base/java.util.ArrayList.forEach(ArrayList.java:1511)
at org.testng.TestRunner.privateRun(TestRunner.java:794)
at org.testng.TestRunner.run(TestRunner.java:596)
at org.testng.SuiteRunner.runTest(SuiteRunner.java:377)
at org.testng.SuiteRunner.access$000(SuiteRunner.java:28)
at org.testng.SuiteRunner$SuiteWorker.run(SuiteRunner.java:418)
at org.testng.internal.thread.ThreadUtil.lambda$execute$0(ThreadUtil.java:64)
at java.base/java.util.concurrent.FutureTask.run(FutureTask.java:264)
at java.base/java.util.concurrent.ThreadPoolExecutor.runWorker(ThreadPoolExecutor.java:1136)
at java.base/java.util.concurrent.ThreadPoolExecutor$Worker.run(ThreadPoolExecutor.java:635)
at java.base/java.lang.Thread.run(Thread.java:833)
]]>
            </full-stacktrace>
          </exception> <!-- org.openqa.selenium.ElementNotInteractableException -->
          <reporter-output>
          </reporter-output>
        </test-method> <!-- verifyFoodInFoodCart -->
        <test-method is-config="true" signature="closeApplication()[pri:0, instance:am.karas.TestScripts.VerifyFoodInFoodCartTest@18df8434]" started-at="2022-04-22T22:13:02 EDT" name="closeApplication" finished-at="2022-04-22T22:13:03 EDT" duration-ms="852" status="PASS">
          <reporter-output>
          </reporter-output>
        </test-method> <!-- closeApplication -->
      </class> <!-- am.karas.TestScripts.VerifyFoodInFoodCartTest -->
    </test> <!-- Test3 -->
    <test started-at="2022-04-22T22:12:50 EDT" name="Test4" finished-at="2022-04-22T22:13:08 EDT" duration-ms="18064">
      <class name="am.karas.TestScripts.VerifyOffersTest">
        <test-method is-config="true" signature="openApplication(java.lang.String)[pri:0, instance:am.karas.TestScripts.VerifyOffersTest@38cee291]" started-at="2022-04-22T22:12:50 EDT" name="openApplication" finished-at="2022-04-22T22:13:02 EDT" duration-ms="11893" status="PASS">
          <params>
            <param index="0">
              <value>
                <![CDATA[firefox]]>
              </value>
            </param>
          </params>
          <reporter-output>
          </reporter-output>
        </test-method> <!-- openApplication -->
        <test-method signature="verifyOffer()[pri:0, instance:am.karas.TestScripts.VerifyOffersTest@38cee291]" started-at="2022-04-22T22:13:02 EDT" name="verifyOffer" finished-at="2022-04-22T22:13:07 EDT" duration-ms="5446" status="PASS">
          <reporter-output>
          </reporter-output>
        </test-method> <!-- verifyOffer -->
        <test-method is-config="true" signature="takeScreenshotOnFailure(org.testng.ITestResult)[pri:0, instance:am.karas.TestScripts.VerifyOffersTest@38cee291]" started-at="2022-04-22T22:13:07 EDT" name="takeScreenshotOnFailure" finished-at="2022-04-22T22:13:07 EDT" duration-ms="1" status="PASS">
          <params>
            <param index="0">
              <value>
                <![CDATA[[TestResult name=verifyOffer status=SUCCESS method=VerifyOffersTest.verifyOffer()[pri:0, instance:am.karas.TestScripts.VerifyOffersTest@38cee291] output={null}]]]>
              </value>
            </param>
          </params>
          <reporter-output>
          </reporter-output>
        </test-method> <!-- takeScreenshotOnFailure -->
        <test-method is-config="true" signature="closeApplication()[pri:0, instance:am.karas.TestScripts.VerifyOffersTest@38cee291]" started-at="2022-04-22T22:13:07 EDT" name="closeApplication" finished-at="2022-04-22T22:13:08 EDT" duration-ms="702" status="PASS">
          <reporter-output>
          </reporter-output>
        </test-method> <!-- closeApplication -->
      </class> <!-- am.karas.TestScripts.VerifyOffersTest -->
    </test> <!-- Test4 -->
    <test started-at="2022-04-22T22:12:50 EDT" name="Test2" finished-at="2022-04-22T22:13:09 EDT" duration-ms="18968">
      <class name="am.karas.TestScripts.VerifySelectFoodTest">
        <test-method is-config="true" signature="openApplication(java.lang.String)[pri:0, instance:am.karas.TestScripts.VerifySelectFoodTest@3012646b]" started-at="2022-04-22T22:12:50 EDT" name="openApplication" finished-at="2022-04-22T22:13:02 EDT" duration-ms="12587" status="PASS">
          <params>
            <param index="0">
              <value>
                <![CDATA[firefox]]>
              </value>
            </param>
          </params>
          <reporter-output>
          </reporter-output>
        </test-method> <!-- openApplication -->
        <test-method signature="verifySelectFood()[pri:0, instance:am.karas.TestScripts.VerifySelectFoodTest@3012646b]" started-at="2022-04-22T22:13:02 EDT" name="verifySelectFood" finished-at="2022-04-22T22:13:08 EDT" duration-ms="5641" status="FAIL">
          <exception class="org.openqa.selenium.ElementNotInteractableException">
            <message>
              <![CDATA[Element <input class="display-search" name="search" type="text"> is not reachable by keyboard
Build info: version: '4.1.2', revision: '9a5a329c5a'
System info: host: 'DESKTOP-0MHP5IB', ip: '192.168.56.1', os.name: 'Windows 10', os.arch: 'amd64', os.version: '10.0', java.version: '17.0.1'
Driver info: org.openqa.selenium.remote.RemoteWebDriver
Command: [4495d049-f471-4ecc-8524-995027058c4e, sendKeysToElement {id=88f2726e-9b1d-41f4-aa60-ca05d3104520, value=[Ljava.lang.CharSequence;@7f714fd8}]
Capabilities {acceptInsecureCerts: true, browserName: firefox, browserVersion: 99.0.1, javascriptEnabled: true, moz:accessibilityChecks: false, moz:buildID: 20220411174855, moz:debuggerAddress: localhost:61240, moz:firefoxOptions: {}, moz:geckodriverVersion: 0.30.0, moz:headless: false, moz:processID: 10564, moz:profile: C:\Users\JEAN~1.DES\AppData..., moz:shutdownTimeout: 60000, moz:useNonSpecCompliantPointerOrigin: false, moz:webdriverClick: true, pageLoadStrategy: normal, platform: WINDOWS, platformName: WINDOWS, platformVersion: 10.0, proxy: Proxy(), se:cdp: ws://192.168.56.1:4444/sess..., se:cdpVersion: 85.0, setWindowRect: true, strictFileInteractability: false, timeouts: {implicit: 0, pageLoad: 300000, script: 30000}, unhandledPromptBehavior: dismiss and notify}
Element: [[RemoteWebDriver: firefox on WINDOWS (4495d049-f471-4ecc-8524-995027058c4e)] -> name: search]
Session ID: 4495d049-f471-4ecc-8524-995027058c4e]]>
            </message>
            <full-stacktrace>
              <![CDATA[org.openqa.selenium.ElementNotInteractableException: Element <input class="display-search" name="search" type="text"> is not reachable by keyboard
Build info: version: '4.1.2', revision: '9a5a329c5a'
System info: host: 'DESKTOP-0MHP5IB', ip: '192.168.56.1', os.name: 'Windows 10', os.arch: 'amd64', os.version: '10.0', java.version: '17.0.1'
Driver info: org.openqa.selenium.remote.RemoteWebDriver
Command: [4495d049-f471-4ecc-8524-995027058c4e, sendKeysToElement {id=88f2726e-9b1d-41f4-aa60-ca05d3104520, value=[Ljava.lang.CharSequence;@7f714fd8}]
Capabilities {acceptInsecureCerts: true, browserName: firefox, browserVersion: 99.0.1, javascriptEnabled: true, moz:accessibilityChecks: false, moz:buildID: 20220411174855, moz:debuggerAddress: localhost:61240, moz:firefoxOptions: {}, moz:geckodriverVersion: 0.30.0, moz:headless: false, moz:processID: 10564, moz:profile: C:\Users\JEAN~1.DES\AppData..., moz:shutdownTimeout: 60000, moz:useNonSpecCompliantPointerOrigin: false, moz:webdriverClick: true, pageLoadStrategy: normal, platform: WINDOWS, platformName: WINDOWS, platformVersion: 10.0, proxy: Proxy(), se:cdp: ws://192.168.56.1:4444/sess..., se:cdpVersion: 85.0, setWindowRect: true, strictFileInteractability: false, timeouts: {implicit: 0, pageLoad: 300000, script: 30000}, unhandledPromptBehavior: dismiss and notify}
Element: [[RemoteWebDriver: firefox on WINDOWS (4495d049-f471-4ecc-8524-995027058c4e)] -> name: search]
Session ID: 4495d049-f471-4ecc-8524-995027058c4e
at java.base/jdk.internal.reflect.NativeConstructorAccessorImpl.newInstance0(Native Method)
at java.base/jdk.internal.reflect.NativeConstructorAccessorImpl.newInstance(NativeConstructorAccessorImpl.java:77)
at java.base/jdk.internal.reflect.DelegatingConstructorAccessorImpl.newInstance(DelegatingConstructorAccessorImpl.java:45)
at java.base/java.lang.reflect.Constructor.newInstanceWithCaller(Constructor.java:499)
at java.base/java.lang.reflect.Constructor.newInstance(Constructor.java:480)
at org.openqa.selenium.remote.codec.w3c.W3CHttpResponseCodec.createException(W3CHttpResponseCodec.java:200)
at org.openqa.selenium.remote.codec.w3c.W3CHttpResponseCodec.decode(W3CHttpResponseCodec.java:133)
at org.openqa.selenium.remote.codec.w3c.W3CHttpResponseCodec.decode(W3CHttpResponseCodec.java:53)
at org.openqa.selenium.remote.HttpCommandExecutor.execute(HttpCommandExecutor.java:184)
at org.openqa.selenium.remote.TracedCommandExecutor.execute(TracedCommandExecutor.java:51)
at org.openqa.selenium.remote.RemoteWebDriver.execute(RemoteWebDriver.java:558)
at org.openqa.selenium.remote.RemoteWebElement.execute(RemoteWebElement.java:251)
at org.openqa.selenium.remote.RemoteWebElement.sendKeys(RemoteWebElement.java:107)
at java.base/jdk.internal.reflect.NativeMethodAccessorImpl.invoke0(Native Method)
at java.base/jdk.internal.reflect.NativeMethodAccessorImpl.invoke(NativeMethodAccessorImpl.java:77)
at java.base/jdk.internal.reflect.DelegatingMethodAccessorImpl.invoke(DelegatingMethodAccessorImpl.java:43)
at java.base/java.lang.reflect.Method.invoke(Method.java:568)
at org.openqa.selenium.support.pagefactory.internal.LocatingElementHandler.invoke(LocatingElementHandler.java:52)
at jdk.proxy2/jdk.proxy2.$Proxy22.sendKeys(Unknown Source)
at am.karas.Pages.SearchFood.searchFood(SearchFood.java:28)
at am.karas.TestScripts.VerifySelectFoodTest.verifySelectFood(VerifySelectFoodTest.java:20)
at java.base/jdk.internal.reflect.NativeMethodAccessorImpl.invoke0(Native Method)
at java.base/jdk.internal.reflect.NativeMethodAccessorImpl.invoke(NativeMethodAccessorImpl.java:77)
at java.base/jdk.internal.reflect.DelegatingMethodAccessorImpl.invoke(DelegatingMethodAccessorImpl.java:43)
at java.base/java.lang.reflect.Method.invoke(Method.java:568)
at org.testng.internal.MethodInvocationHelper.invokeMethod(MethodInvocationHelper.java:133)
at org.testng.internal.TestInvoker.invokeMethod(TestInvoker.java:598)
at org.testng.internal.TestInvoker.invokeTestMethod(TestInvoker.java:173)
at org.testng.internal.MethodRunner.runInSequence(MethodRunner.java:46)
at org.testng.internal.TestInvoker$MethodInvocationAgent.invoke(TestInvoker.java:824)
at org.testng.internal.TestInvoker.invokeTestMethods(TestInvoker.java:146)
at org.testng.internal.TestMethodWorker.invokeTestMethods(TestMethodWorker.java:146)
at org.testng.internal.TestMethodWorker.run(TestMethodWorker.java:128)
at java.base/java.util.ArrayList.forEach(ArrayList.java:1511)
at org.testng.TestRunner.privateRun(TestRunner.java:794)
at org.testng.TestRunner.run(TestRunner.java:596)
at org.testng.SuiteRunner.runTest(SuiteRunner.java:377)
at org.testng.SuiteRunner.access$000(SuiteRunner.java:28)
at org.testng.SuiteRunner$SuiteWorker.run(SuiteRunner.java:418)
at org.testng.internal.thread.ThreadUtil.lambda$execute$0(ThreadUtil.java:64)
at java.base/java.util.concurrent.FutureTask.run(FutureTask.java:264)
at java.base/java.util.concurrent.ThreadPoolExecutor.runWorker(ThreadPoolExecutor.java:1136)
at java.base/java.util.concurrent.ThreadPoolExecutor$Worker.run(ThreadPoolExecutor.java:635)
at java.base/java.lang.Thread.run(Thread.java:833)
]]>
            </full-stacktrace>
          </exception> <!-- org.openqa.selenium.ElementNotInteractableException -->
          <reporter-output>
          </reporter-output>
        </test-method> <!-- verifySelectFood -->
        <test-method is-config="true" signature="closeApplication()[pri:0, instance:am.karas.TestScripts.VerifySelectFoodTest@3012646b]" started-at="2022-04-22T22:13:08 EDT" name="closeApplication" finished-at="2022-04-22T22:13:09 EDT" duration-ms="715" status="PASS">
          <reporter-output>
          </reporter-output>
        </test-method> <!-- closeApplication -->
      </class> <!-- am.karas.TestScripts.VerifySelectFoodTest -->
    </test> <!-- Test2 -->
    <test started-at="2022-04-22T22:12:50 EDT" name="Test5" finished-at="2022-04-22T22:13:10 EDT" duration-ms="20202">
      <class name="am.karas.TestScripts.VerifyHotDishesTest">
        <test-method is-config="true" signature="openApplication(java.lang.String)[pri:0, instance:am.karas.TestScripts.VerifyHotDishesTest@6340e5f0]" started-at="2022-04-22T22:12:50 EDT" name="openApplication" finished-at="2022-04-22T22:13:02 EDT" duration-ms="11862" status="PASS">
          <params>
            <param index="0">
              <value>
                <![CDATA[firefox]]>
              </value>
            </param>
          </params>
          <reporter-output>
          </reporter-output>
        </test-method> <!-- openApplication -->
        <test-method signature="verifyOffer()[pri:0, instance:am.karas.TestScripts.VerifyHotDishesTest@6340e5f0]" started-at="2022-04-22T22:13:02 EDT" name="verifyOffer" finished-at="2022-04-22T22:13:09 EDT" duration-ms="7588" status="PASS">
          <reporter-output>
          </reporter-output>
        </test-method> <!-- verifyOffer -->
        <test-method is-config="true" signature="takeScreenshotOnFailure(org.testng.ITestResult)[pri:0, instance:am.karas.TestScripts.VerifyHotDishesTest@6340e5f0]" started-at="2022-04-22T22:13:09 EDT" name="takeScreenshotOnFailure" finished-at="2022-04-22T22:13:09 EDT" duration-ms="1" status="PASS">
          <params>
            <param index="0">
              <value>
                <![CDATA[[TestResult name=verifyOffer status=SUCCESS method=VerifyHotDishesTest.verifyOffer()[pri:0, instance:am.karas.TestScripts.VerifyHotDishesTest@6340e5f0] output={null}]]]>
              </value>
            </param>
          </params>
          <reporter-output>
          </reporter-output>
        </test-method> <!-- takeScreenshotOnFailure -->
        <test-method is-config="true" signature="closeApplication()[pri:0, instance:am.karas.TestScripts.VerifyHotDishesTest@6340e5f0]" started-at="2022-04-22T22:13:09 EDT" name="closeApplication" finished-at="2022-04-22T22:13:10 EDT" duration-ms="729" status="PASS">
          <reporter-output>
          </reporter-output>
        </test-method> <!-- closeApplication -->
      </class> <!-- am.karas.TestScripts.VerifyHotDishesTest -->
    </test> <!-- Test5 -->
  </suite> <!-- Suite -->
</testng-results>
